<?xml version="1.0" encoding="UTF-8"?>
<testng-results skipped="0" failed="0" ignored="0" total="1" passed="1">
  <reporter-output>
  </reporter-output>
  <suite name="Default suite" duration-ms="18999" started-at="2022-05-02T04:20:50 PDT" finished-at="2022-05-02T04:21:09 PDT">
    <groups>
    </groups>
    <test name="Default test" duration-ms="18999" started-at="2022-05-02T04:20:50 PDT" finished-at="2022-05-02T04:21:09 PDT">
      <class name="testng.Sample2">
        <test-method status="PASS" signature="loginPageValidationInActitimeApplication()[pri:0, instance:testng.Sample2@2d8f65a4]" name="loginPageValidationInActitimeApplication" duration-ms="18922" started-at="2022-05-02T04:20:50 PDT" finished-at="2022-05-02T04:21:09 PDT">
          <reporter-output>
          </reporter-output>
        </test-method> <!-- loginPageValidationInActitimeApplication -->
      </class> <!-- testng.Sample2 -->
    </test> <!-- Default test -->
  </suite> <!-- Default suite -->
</testng-results>
